0 info it worked if it ends with ok
1 verbose cli [ '/Users/eda/.nvm/versions/node/v6.1.0/bin/node',
1 verbose cli   '/Users/eda/.nvm/versions/node/v6.1.0/bin/npm',
1 verbose cli   'run',
1 verbose cli   'watch' ]
2 info using npm@3.8.6
3 info using node@v6.1.0
4 verbose run-script [ 'prewatch', 'watch', 'postwatch' ]
5 info lifecycle personal-project@1.0.0~prewatch: personal-project@1.0.0
6 silly lifecycle personal-project@1.0.0~prewatch: no script for prewatch, continuing
7 info lifecycle personal-project@1.0.0~watch: personal-project@1.0.0
8 verbose lifecycle personal-project@1.0.0~watch: unsafe-perm in lifecycle true
9 verbose lifecycle personal-project@1.0.0~watch: PATH: /Users/eda/.nvm/versions/node/v6.1.0/lib/node_modules/npm/bin/node-gyp-bin:/Users/eda/workspace/personal-project/node_modules/.bin:/Users/eda/.nvm/versions/node/v6.1.0/bin:/Users/eda/.nvm/versions/node/v6.1.0/bin:/usr/local/bin:/usr/bin:/bin:/usr/sbin:/sbin
10 verbose lifecycle personal-project@1.0.0~watch: CWD: /Users/eda/workspace/personal-project
11 silly lifecycle personal-project@1.0.0~watch: Args: [ '-c', 'webpack --watch' ]
12 silly lifecycle personal-project@1.0.0~watch: Returned: code: 255  signal: null
13 info lifecycle personal-project@1.0.0~watch: Failed to exec watch script
14 verbose stack Error: personal-project@1.0.0 watch: `webpack --watch`
14 verbose stack Exit status 255
14 verbose stack     at EventEmitter.<anonymous> (/Users/eda/.nvm/versions/node/v6.1.0/lib/node_modules/npm/lib/utils/lifecycle.js:239:16)
14 verbose stack     at emitTwo (events.js:106:13)
14 verbose stack     at EventEmitter.emit (events.js:191:7)
14 verbose stack     at ChildProcess.<anonymous> (/Users/eda/.nvm/versions/node/v6.1.0/lib/node_modules/npm/lib/utils/spawn.js:24:14)
14 verbose stack     at emitTwo (events.js:106:13)
14 verbose stack     at ChildProcess.emit (events.js:191:7)
14 verbose stack     at maybeClose (internal/child_process.js:850:16)
14 verbose stack     at Process.ChildProcess._handle.onexit (internal/child_process.js:215:5)
15 verbose pkgid personal-project@1.0.0
16 verbose cwd /Users/eda/workspace/personal-project
17 error Darwin 15.4.0
18 error argv "/Users/eda/.nvm/versions/node/v6.1.0/bin/node" "/Users/eda/.nvm/versions/node/v6.1.0/bin/npm" "run" "watch"
19 error node v6.1.0
20 error npm  v3.8.6
21 error code ELIFECYCLE
22 error personal-project@1.0.0 watch: `webpack --watch`
22 error Exit status 255
23 error Failed at the personal-project@1.0.0 watch script 'webpack --watch'.
23 error Make sure you have the latest version of node.js and npm installed.
23 error If you do, this is most likely a problem with the personal-project package,
23 error not with npm itself.
23 error Tell the author that this fails on your system:
23 error     webpack --watch
23 error You can get information on how to open an issue for this project with:
23 error     npm bugs personal-project
23 error Or if that isn't available, you can get their info via:
23 error     npm owner ls personal-project
23 error There is likely additional logging output above.
24 verbose exit [ 1, true ]
